Build started 10/21/2014 8:33:40 PM.
Project "C:\Users\Eric Chen\documents\visual studio 2012\Projects\Lab 8\Lab 8\Lab 8.vcxproj" on node 2 (Build target(s)).
ClCompile:
  C:\Program Files\Microsoft Visual Studio 11.0\VC\bin\CL.exe /c /ZI /nologo /W3 /WX- /sdl /Od /Oy- /D WIN32 /D _DEBUG /D _CONSOLE /D _UNICODE /D UNICODE /Gm /EHsc /RTC1 /MDd /GS /fp:precise /Zc:wchar_t /Zc:forScope /Fo"Debug\\" /Fd"Debug\vc110.pdb" /Gd /TP /analyze- /errorReport:prompt BST.cpp
  BST.cpp
c:\users\eric chen\documents\visual studio 2012\projects\lab 8\lab 8\bst.cpp(21): error C2061: syntax error : identifier 'NodePtr'
c:\users\eric chen\documents\visual studio 2012\projects\lab 8\lab 8\bst.cpp(42): error C2061: syntax error : identifier 'BSTNodePtr'
c:\users\eric chen\documents\visual studio 2012\projects\lab 8\lab 8\bst.cpp(44): error C2143: syntax error : missing ')' before ';'
c:\users\eric chen\documents\visual studio 2012\projects\lab 8\lab 8\bst.cpp(47): error C3254: 'BST' : class contains explicit override '{ctor}' but does not derive from an interface that contains the function declaration
c:\users\eric chen\documents\visual studio 2012\projects\lab 8\lab 8\bst.cpp(47): error C2838: '{ctor}' : illegal qualified name in member declaration
c:\users\eric chen\documents\visual studio 2012\projects\lab 8\lab 8\bst.cpp(47): error C2535: 'BST::BST(void)' : member function already defined or declared
          c:\users\eric chen\documents\visual studio 2012\projects\lab 8\lab 8\bst.cpp(35) : see declaration of 'BST::BST'
c:\users\eric chen\documents\visual studio 2012\projects\lab 8\lab 8\bst.cpp(51): error C3254: 'BST' : class contains explicit override '{ctor}' but does not derive from an interface that contains the function declaration
c:\users\eric chen\documents\visual studio 2012\projects\lab 8\lab 8\bst.cpp(51): error C2838: '{ctor}' : illegal qualified name in member declaration
c:\users\eric chen\documents\visual studio 2012\projects\lab 8\lab 8\bst.cpp(57): error C2535: 'BST::BST(void)' : member function already defined or declared
          c:\users\eric chen\documents\visual studio 2012\projects\lab 8\lab 8\bst.cpp(35) : see declaration of 'BST::BST'
c:\users\eric chen\documents\visual studio 2012\projects\lab 8\lab 8\bst.cpp(62): error C2535: 'void BST::insert(valuetype)' : member function already defined or declared
          c:\users\eric chen\documents\visual studio 2012\projects\lab 8\lab 8\bst.cpp(36) : see declaration of 'BST::insert'
c:\users\eric chen\documents\visual studio 2012\projects\lab 8\lab 8\bst.cpp(84): error C2061: syntax error : identifier 'BSTNodePtr'
c:\users\eric chen\documents\visual studio 2012\projects\lab 8\lab 8\bst.cpp(93): error C2535: 'void BST::remove(valuetype)' : member function already defined or declared
          c:\users\eric chen\documents\visual studio 2012\projects\lab 8\lab 8\bst.cpp(37) : see declaration of 'BST::remove'
c:\users\eric chen\documents\visual studio 2012\projects\lab 8\lab 8\bst.cpp(164): error C2535: 'Node *BST::findNodebyvalue(valuetype)' : member function already defined or declared
          c:\users\eric chen\documents\visual studio 2012\projects\lab 8\lab 8\bst.cpp(25) : see declaration of 'BST::findNodebyvalue'
c:\users\eric chen\documents\visual studio 2012\projects\lab 8\lab 8\bst.cpp(173): error C2535: 'Node *BST::findparentforNode(valuetype)' : member function already defined or declared
          c:\users\eric chen\documents\visual studio 2012\projects\lab 8\lab 8\bst.cpp(26) : see declaration of 'BST::findparentforNode'
c:\users\eric chen\documents\visual studio 2012\projects\lab 8\lab 8\bst.cpp(184): error C2535: 'Node *BST::findrightnode(Node *)' : member function already defined or declared
          c:\users\eric chen\documents\visual studio 2012\projects\lab 8\lab 8\bst.cpp(27) : see declaration of 'BST::findrightnode'
c:\users\eric chen\documents\visual studio 2012\projects\lab 8\lab 8\bst.cpp(192): error C2535: 'void BST::preorder(Node *)' : member function already defined or declared
          c:\users\eric chen\documents\visual studio 2012\projects\lab 8\lab 8\bst.cpp(30) : see declaration of 'BST::preorder'
c:\users\eric chen\documents\visual studio 2012\projects\lab 8\lab 8\bst.cpp(201): error C2535: 'void BST::inorder(Node *)' : member function already defined or declared
          c:\users\eric chen\documents\visual studio 2012\projects\lab 8\lab 8\bst.cpp(28) : see declaration of 'BST::inorder'
c:\users\eric chen\documents\visual studio 2012\projects\lab 8\lab 8\bst.cpp(210): error C2535: 'void BST::postorder(Node *)' : member function already defined or declared
          c:\users\eric chen\documents\visual studio 2012\projects\lab 8\lab 8\bst.cpp(29) : see declaration of 'BST::postorder'
c:\users\eric chen\documents\visual studio 2012\projects\lab 8\lab 8\bst.cpp(218): error C2535: 'void BST::traverse(void)' : member function already defined or declared
          c:\users\eric chen\documents\visual studio 2012\projects\lab 8\lab 8\bst.cpp(38) : see declaration of 'BST::traverse'
c:\users\eric chen\documents\visual studio 2012\projects\lab 8\lab 8\bst.cpp(260): fatal error C1004: unexpected end-of-file found
Done Building Project "C:\Users\Eric Chen\documents\visual studio 2012\Projects\Lab 8\Lab 8\Lab 8.vcxproj" (Build target(s)) -- FAILED.

Build FAILED.

Time Elapsed 00:00:02.48
